0 info it worked if it ends with ok
1 verbose cli [ '/usr/local/bin/node', '/usr/local/bin/npm', 'install', 'gulp' ]
2 info using npm@2.14.12
3 info using node@v4.2.4
4 verbose install initial load of /Users/SoorajBoominathan/Documents/6.148/MainProject/the_vault/package.json
5 verbose installManyTop reading scoped package data from /Users/SoorajBoominathan/Documents/6.148/MainProject/the_vault/node_modules/better-console/package.json
6 verbose installManyTop reading scoped package data from /Users/SoorajBoominathan/Documents/6.148/MainProject/the_vault/node_modules/body-parser/package.json
7 verbose installManyTop reading scoped package data from /Users/SoorajBoominathan/Documents/6.148/MainProject/the_vault/node_modules/client-sessions/package.json
8 verbose installManyTop reading scoped package data from /Users/SoorajBoominathan/Documents/6.148/MainProject/the_vault/node_modules/cookie-parser/package.json
9 verbose installManyTop reading scoped package data from /Users/SoorajBoominathan/Documents/6.148/MainProject/the_vault/node_modules/debug/package.json
10 verbose installManyTop reading scoped package data from /Users/SoorajBoominathan/Documents/6.148/MainProject/the_vault/node_modules/del/package.json
11 verbose installManyTop reading scoped package data from /Users/SoorajBoominathan/Documents/6.148/MainProject/the_vault/node_modules/express/package.json
12 verbose installManyTop reading scoped package data from /Users/SoorajBoominathan/Documents/6.148/MainProject/the_vault/node_modules/express-handlebars/package.json
13 verbose installManyTop reading scoped package data from /Users/SoorajBoominathan/Documents/6.148/MainProject/the_vault/node_modules/express-session/package.json
14 verbose installManyTop reading scoped package data from /Users/SoorajBoominathan/Documents/6.148/MainProject/the_vault/node_modules/extend/package.json
15 verbose installManyTop reading scoped package data from /Users/SoorajBoominathan/Documents/6.148/MainProject/the_vault/node_modules/gulp/package.json
16 verbose installManyTop reading scoped package data from /Users/SoorajBoominathan/Documents/6.148/MainProject/the_vault/node_modules/gulp-autoprefixer/package.json
17 verbose installManyTop reading scoped package data from /Users/SoorajBoominathan/Documents/6.148/MainProject/the_vault/node_modules/gulp-chmod/package.json
18 verbose installManyTop reading scoped package data from /Users/SoorajBoominathan/Documents/6.148/MainProject/the_vault/node_modules/gulp-clone/package.json
19 verbose installManyTop reading scoped package data from /Users/SoorajBoominathan/Documents/6.148/MainProject/the_vault/node_modules/gulp-concat/package.json
20 verbose installManyTop reading scoped package data from /Users/SoorajBoominathan/Documents/6.148/MainProject/the_vault/node_modules/gulp-concat-css/package.json
21 verbose installManyTop reading scoped package data from /Users/SoorajBoominathan/Documents/6.148/MainProject/the_vault/node_modules/gulp-copy/package.json
22 verbose installManyTop reading scoped package data from /Users/SoorajBoominathan/Documents/6.148/MainProject/the_vault/node_modules/gulp-dedupe/package.json
23 verbose installManyTop reading scoped package data from /Users/SoorajBoominathan/Documents/6.148/MainProject/the_vault/node_modules/gulp-flatten/package.json
24 verbose installManyTop reading scoped package data from /Users/SoorajBoominathan/Documents/6.148/MainProject/the_vault/node_modules/gulp-header/package.json
25 verbose installManyTop reading scoped package data from /Users/SoorajBoominathan/Documents/6.148/MainProject/the_vault/node_modules/gulp-help/package.json
26 verbose installManyTop reading scoped package data from /Users/SoorajBoominathan/Documents/6.148/MainProject/the_vault/node_modules/gulp-if/package.json
27 verbose installManyTop reading scoped package data from /Users/SoorajBoominathan/Documents/6.148/MainProject/the_vault/node_modules/gulp-less/package.json
28 verbose installManyTop reading scoped package data from /Users/SoorajBoominathan/Documents/6.148/MainProject/the_vault/node_modules/gulp-minify-css/package.json
29 verbose installManyTop reading scoped package data from /Users/SoorajBoominathan/Documents/6.148/MainProject/the_vault/node_modules/gulp-notify/package.json
30 verbose installManyTop reading scoped package data from /Users/SoorajBoominathan/Documents/6.148/MainProject/the_vault/node_modules/gulp-plumber/package.json
31 verbose installManyTop reading scoped package data from /Users/SoorajBoominathan/Documents/6.148/MainProject/the_vault/node_modules/gulp-print/package.json
32 verbose installManyTop reading scoped package data from /Users/SoorajBoominathan/Documents/6.148/MainProject/the_vault/node_modules/gulp-rename/package.json
33 verbose installManyTop reading scoped package data from /Users/SoorajBoominathan/Documents/6.148/MainProject/the_vault/node_modules/gulp-replace/package.json
34 verbose installManyTop reading scoped package data from /Users/SoorajBoominathan/Documents/6.148/MainProject/the_vault/node_modules/gulp-rtlcss/package.json
35 verbose installManyTop reading scoped package data from /Users/SoorajBoominathan/Documents/6.148/MainProject/the_vault/node_modules/gulp-uglify/package.json
36 verbose installManyTop reading scoped package data from /Users/SoorajBoominathan/Documents/6.148/MainProject/the_vault/node_modules/gulp-util/package.json
37 verbose installManyTop reading scoped package data from /Users/SoorajBoominathan/Documents/6.148/MainProject/the_vault/node_modules/gulp-watch/package.json
38 verbose installManyTop reading scoped package data from /Users/SoorajBoominathan/Documents/6.148/MainProject/the_vault/node_modules/handlebars/package.json
39 verbose installManyTop reading scoped package data from /Users/SoorajBoominathan/Documents/6.148/MainProject/the_vault/node_modules/http/package.json
40 verbose installManyTop reading scoped package data from /Users/SoorajBoominathan/Documents/6.148/MainProject/the_vault/node_modules/jade/package.json
41 verbose installManyTop reading scoped package data from /Users/SoorajBoominathan/Documents/6.148/MainProject/the_vault/node_modules/made-with-heart/package.json
42 verbose installManyTop reading scoped package data from /Users/SoorajBoominathan/Documents/6.148/MainProject/the_vault/node_modules/map-stream/package.json
43 verbose installManyTop reading scoped package data from /Users/SoorajBoominathan/Documents/6.148/MainProject/the_vault/node_modules/mongodb/package.json
44 verbose installManyTop reading scoped package data from /Users/SoorajBoominathan/Documents/6.148/MainProject/the_vault/node_modules/mongoose/package.json
45 verbose installManyTop reading scoped package data from /Users/SoorajBoominathan/Documents/6.148/MainProject/the_vault/node_modules/morgan/package.json
46 verbose installManyTop reading scoped package data from /Users/SoorajBoominathan/Documents/6.148/MainProject/the_vault/node_modules/react/package.json
47 verbose installManyTop reading scoped package data from /Users/SoorajBoominathan/Documents/6.148/MainProject/the_vault/node_modules/require-dot-file/package.json
48 verbose installManyTop reading scoped package data from /Users/SoorajBoominathan/Documents/6.148/MainProject/the_vault/node_modules/run-sequence/package.json
49 verbose installManyTop reading scoped package data from /Users/SoorajBoominathan/Documents/6.148/MainProject/the_vault/node_modules/semantic-ui/package.json
50 verbose installManyTop reading scoped package data from /Users/SoorajBoominathan/Documents/6.148/MainProject/the_vault/node_modules/serve-favicon/package.json
51 verbose installManyTop reading scoped package data from /Users/SoorajBoominathan/Documents/6.148/MainProject/the_vault/node_modules/socket.io/package.json
52 verbose installManyTop reading scoped package data from /Users/SoorajBoominathan/Documents/6.148/MainProject/the_vault/node_modules/yamljs/package.json
53 info package.json better-console@0.2.4 license should be a valid SPDX license expression
54 info package.json gulp-clone@1.0.0 No license field.
55 info package.json gulp-concat-css@2.2.0 No license field.
56 info package.json gulp-copy@0.0.2 No license field.
57 info package.json gulp-minify-css@1.2.3 No repository field.
58 info package.json gulp-notify@2.2.0 No license field.
59 info package.json gulp-rename@1.2.2 No license field.
60 info package.json http@0.0.0 http is also the name of a node core module.
61 info package.json http@0.0.0 No description
62 info package.json http@0.0.0 No repository field.
63 info package.json http@0.0.0 No README data
64 info package.json client-sessions@0.7.0 No license field.
65 info package.json made-with-heart@2.0.3 No repository field.
66 verbose readDependencies loading dependencies from /Users/SoorajBoominathan/Documents/6.148/MainProject/the_vault/package.json
67 verbose install gulp is installed as 3.9.0
68 silly cache add args [ 'gulp', null ]
69 verbose cache add spec gulp
70 silly cache add parsed spec Result {
70 silly cache add   raw: 'gulp',
70 silly cache add   scope: null,
70 silly cache add   name: 'gulp',
70 silly cache add   rawSpec: '',
70 silly cache add   spec: 'latest',
70 silly cache add   type: 'tag' }
71 silly addNamed gulp@latest
72 verbose addNamed "latest" is being treated as a dist-tag for gulp
73 info addNameTag [ 'gulp', 'latest' ]
74 silly mapToRegistry name gulp
75 silly mapToRegistry using default registry
76 silly mapToRegistry registry https://registry.npmjs.org/
77 silly mapToRegistry uri https://registry.npmjs.org/gulp
78 verbose addNameTag registry:https://registry.npmjs.org/gulp not in flight; fetching
79 verbose request uri https://registry.npmjs.org/gulp
80 verbose request no auth needed
81 info attempt registry request try #1 at 2:00:48 PM
82 verbose request id 42a84cf45bb8f3fa
83 verbose etag "9JL2NAU9IT58I1RE8DEKQ2R2I"
84 http request GET https://registry.npmjs.org/gulp
85 http 304 https://registry.npmjs.org/gulp
86 verbose headers { date: 'Thu, 21 Jan 2016 19:00:49 GMT',
86 verbose headers   via: '1.1 varnish',
86 verbose headers   'cache-control': 'max-age=300',
86 verbose headers   etag: '"9JL2NAU9IT58I1RE8DEKQ2R2I"',
86 verbose headers   age: '208',
86 verbose headers   connection: 'keep-alive',
86 verbose headers   'x-served-by': 'cache-atl6229-ATL',
86 verbose headers   'x-cache': 'HIT',
86 verbose headers   'x-cache-hits': '6',
86 verbose headers   'x-timer': 'S1453402849.145788,VS0,VE0',
86 verbose headers   vary: 'Accept' }
87 silly get cb [ 304,
87 silly get   { date: 'Thu, 21 Jan 2016 19:00:49 GMT',
87 silly get     via: '1.1 varnish',
87 silly get     'cache-control': 'max-age=300',
87 silly get     etag: '"9JL2NAU9IT58I1RE8DEKQ2R2I"',
87 silly get     age: '208',
87 silly get     connection: 'keep-alive',
87 silly get     'x-served-by': 'cache-atl6229-ATL',
87 silly get     'x-cache': 'HIT',
87 silly get     'x-cache-hits': '6',
87 silly get     'x-timer': 'S1453402849.145788,VS0,VE0',
87 silly get     vary: 'Accept' } ]
88 verbose etag https://registry.npmjs.org/gulp from cache
89 verbose get saving gulp to /Users/SoorajBoominathan/.npm/registry.npmjs.org/gulp/.cache.json
90 silly addNameTag next cb for gulp with tag latest
91 silly addNamed gulp@3.9.0
92 verbose addNamed "3.9.0" is a plain semver version for gulp
93 silly cache afterAdd gulp@3.9.0
94 verbose afterAdd /Users/SoorajBoominathan/.npm/gulp/3.9.0/package/package.json not in flight; writing
95 verbose afterAdd /Users/SoorajBoominathan/.npm/gulp/3.9.0/package/package.json written
96 silly install resolved [ { name: 'gulp',
96 silly install resolved     description: 'The streaming build system',
96 silly install resolved     version: '3.9.0',
96 silly install resolved     homepage: 'http://gulpjs.com',
96 silly install resolved     repository: { type: 'git', url: 'git+https://github.com/gulpjs/gulp.git' },
96 silly install resolved     author:
96 silly install resolved      { name: 'Fractal',
96 silly install resolved        email: 'contact@wearefractal.com',
96 silly install resolved        url: 'http://wearefractal.com/' },
96 silly install resolved     tags: [ 'build', 'stream', 'system', 'make', 'tool', 'asset', 'pipeline' ],
96 silly install resolved     files: [ 'index.js', 'lib', 'bin', 'completion' ],
96 silly install resolved     bin: { gulp: './bin/gulp.js' },
96 silly install resolved     man: [ 'gulp.1' ],
96 silly install resolved     dependencies:
96 silly install resolved      { archy: '^1.0.0',
96 silly install resolved        chalk: '^1.0.0',
96 silly install resolved        deprecated: '^0.0.1',
96 silly install resolved        'gulp-util': '^3.0.0',
96 silly install resolved        interpret: '^0.6.2',
96 silly install resolved        liftoff: '^2.1.0',
96 silly install resolved        minimist: '^1.1.0',
96 silly install resolved        orchestrator: '^0.3.0',
96 silly install resolved        'pretty-hrtime': '^1.0.0',
96 silly install resolved        semver: '^4.1.0',
96 silly install resolved        tildify: '^1.0.0',
96 silly install resolved        v8flags: '^2.0.2',
96 silly install resolved        'vinyl-fs': '^0.3.0' },
96 silly install resolved     devDependencies:
96 silly install resolved      { coveralls: '^2.7.0',
96 silly install resolved        'graceful-fs': '^3.0.0',
96 silly install resolved        istanbul: '^0.3.0',
96 silly install resolved        jscs: '~1.12.0',
96 silly install resolved        jshint: '^2.5.0',
96 silly install resolved        'jshint-stylish': '^1.0.0',
96 silly install resolved        'marked-man': '^0.1.3',
96 silly install resolved        mkdirp: '^0.5.0',
96 silly install resolved        mocha: '^2.0.1',
96 silly install resolved        'mocha-lcov-reporter': '^0.0.1',
96 silly install resolved        q: '^1.0.0',
96 silly install resolved        rimraf: '^2.2.5',
96 silly install resolved        should: '^5.0.1' },
96 silly install resolved     scripts:
96 silly install resolved      { prepublish: 'marked-man --name gulp docs/CLI.md > gulp.1',
96 silly install resolved        lint: 'jshint lib bin test index.js --reporter node_modules/jshint-stylish/stylish.js --exclude node_modules && jscs lib bin test index.js',
96 silly install resolved        test: 'npm run-script lint && mocha --reporter spec',
96 silly install resolved        coveralls: 'istanbul cover _mocha --report lcovonly -- -R spec && cat ./coverage/lcov.info | coveralls && rm -rf ./coverage' },
96 silly install resolved     engines: { node: '>= 0.9' },
96 silly install resolved     license: 'MIT',
96 silly install resolved     gitHead: '657213a52d5e9c19b85df6a42f76341a98c08ae8',
96 silly install resolved     bugs: { url: 'https://github.com/gulpjs/gulp/issues' },
96 silly install resolved     _id: 'gulp@3.9.0',
96 silly install resolved     _shasum: 'cf1fba4cb558bb8c6ae6c9613f583ae2620d214a',
96 silly install resolved     _from: 'gulp@latest',
96 silly install resolved     _npmVersion: '2.8.3',
96 silly install resolved     _nodeVersion: '0.10.36',
96 silly install resolved     _npmUser: { name: 'phated', email: 'blaine@iceddev.com' },
96 silly install resolved     maintainers: [ [Object], [Object] ],
96 silly install resolved     dist:
96 silly install resolved      { shasum: 'cf1fba4cb558bb8c6ae6c9613f583ae2620d214a',
96 silly install resolved        tarball: 'http://registry.npmjs.org/gulp/-/gulp-3.9.0.tgz' },
96 silly install resolved     directories: {},
96 silly install resolved     _resolved: 'https://registry.npmjs.org/gulp/-/gulp-3.9.0.tgz',
96 silly install resolved     readme: 'ERROR: No README data found!' } ]
97 info install gulp@3.9.0 into /Users/SoorajBoominathan/Documents/6.148/MainProject/the_vault
98 info installOne gulp@3.9.0
99 verbose installOne of gulp to /Users/SoorajBoominathan/Documents/6.148/MainProject/the_vault not in flight; installing
100 verbose lock using /Users/SoorajBoominathan/.npm/_locks/gulp-e812f6efb2d8f972.lock for /Users/SoorajBoominathan/Documents/6.148/MainProject/the_vault/node_modules/gulp
101 silly install write writing gulp 3.9.0 to /Users/SoorajBoominathan/Documents/6.148/MainProject/the_vault/node_modules/gulp
102 verbose unbuild node_modules/gulp
103 info preuninstall gulp@3.9.0
104 info uninstall gulp@3.9.0
105 verbose unbuild rmStuff gulp@3.9.0 from /Users/SoorajBoominathan/Documents/6.148/MainProject/the_vault/node_modules
106 silly gentlyRm /Users/SoorajBoominathan/Documents/6.148/MainProject/the_vault/node_modules/.bin/gulp is being gently removed
107 silly gentlyRm verifying /Users/SoorajBoominathan/Documents/6.148/MainProject/the_vault is an npm working directory
108 silly gentlyRm containing path /Users/SoorajBoominathan/Documents/6.148/MainProject/the_vault is under npm's control, in /Users/SoorajBoominathan/Documents/6.148/MainProject/the_vault
109 silly gentlyRm deletion target /Users/SoorajBoominathan/Documents/6.148/MainProject/the_vault/node_modules/.bin/gulp is under /Users/SoorajBoominathan/Documents/6.148/MainProject/the_vault
110 verbose gentlyRm vacuuming from /Users/SoorajBoominathan/Documents/6.148/MainProject/the_vault/node_modules/.bin/gulp up to /Users/SoorajBoominathan/Documents/6.148/MainProject/the_vault
111 silly vacuum-fs removing /Users/SoorajBoominathan/Documents/6.148/MainProject/the_vault/node_modules/.bin/gulp
112 silly vacuum-fs quitting because other entries in /Users/SoorajBoominathan/Documents/6.148/MainProject/the_vault/node_modules/.bin
113 info postuninstall gulp@3.9.0
114 silly gentlyRm /Users/SoorajBoominathan/Documents/6.148/MainProject/the_vault/node_modules/gulp is being purged from base /Users/SoorajBoominathan/Documents/6.148/MainProject/the_vault
115 verbose gentlyRm don't care about contents; nuking /Users/SoorajBoominathan/Documents/6.148/MainProject/the_vault/node_modules/gulp
116 silly vacuum-fs purging /Users/SoorajBoominathan/Documents/6.148/MainProject/the_vault/node_modules/gulp
117 verbose unlock done using /Users/SoorajBoominathan/.npm/_locks/gulp-e812f6efb2d8f972.lock for /Users/SoorajBoominathan/Documents/6.148/MainProject/the_vault/node_modules/gulp
118 verbose stack Error: EACCES: permission denied, unlink '/Users/SoorajBoominathan/Documents/6.148/MainProject/the_vault/node_modules/gulp/node_modules/.bin/semver'
118 verbose stack     at Error (native)
119 verbose cwd /Users/SoorajBoominathan/Documents/6.148/MainProject/the_vault/semantic
120 error Darwin 14.5.0
121 error argv "/usr/local/bin/node" "/usr/local/bin/npm" "install" "gulp"
122 error node v4.2.4
123 error npm  v2.14.12
124 error path /Users/SoorajBoominathan/Documents/6.148/MainProject/the_vault/node_modules/gulp/node_modules/.bin/semver
125 error code EACCES
126 error errno -13
127 error syscall unlink
128 error Error: EACCES: permission denied, unlink '/Users/SoorajBoominathan/Documents/6.148/MainProject/the_vault/node_modules/gulp/node_modules/.bin/semver'
128 error     at Error (native)
128 error  { [Error: EACCES: permission denied, unlink '/Users/SoorajBoominathan/Documents/6.148/MainProject/the_vault/node_modules/gulp/node_modules/.bin/semver']
128 error   errno: -13,
128 error   code: 'EACCES',
128 error   syscall: 'unlink',
128 error   path: '/Users/SoorajBoominathan/Documents/6.148/MainProject/the_vault/node_modules/gulp/node_modules/.bin/semver' }
129 error Please try running this command again as root/Administrator.
130 verbose exit [ -13, true ]
131 verbose unbuild node_modules/gulp
132 silly gentlyRm /Users/SoorajBoominathan/Documents/6.148/MainProject/the_vault/node_modules/gulp is being purged from base /Users/SoorajBoominathan/Documents/6.148/MainProject/the_vault
133 verbose gentlyRm don't care about contents; nuking /Users/SoorajBoominathan/Documents/6.148/MainProject/the_vault/node_modules/gulp
134 silly vacuum-fs purging /Users/SoorajBoominathan/Documents/6.148/MainProject/the_vault/node_modules/gulp
135 error error rolling back Error: EACCES: permission denied, unlink '/Users/SoorajBoominathan/Documents/6.148/MainProject/the_vault/node_modules/gulp/node_modules/.bin/semver'
135 error error rolling back     at Error (native)
135 error error rolling back  { [Error: EACCES: permission denied, unlink '/Users/SoorajBoominathan/Documents/6.148/MainProject/the_vault/node_modules/gulp/node_modules/.bin/semver']
135 error error rolling back   errno: -13,
135 error error rolling back   code: 'EACCES',
135 error error rolling back   syscall: 'unlink',
135 error error rolling back   path: '/Users/SoorajBoominathan/Documents/6.148/MainProject/the_vault/node_modules/gulp/node_modules/.bin/semver' }
